Start testing: Oct 06 20:53 CEST
----------------------------------------------------------
1/6 Testing: AgentModuleUTest
1/6 Test: AgentModuleUTest
Command: "/home/michele/OpenCog_ALL/cogserver/build/tests/modules/AgentModuleUTest"
Directory: /home/michele/OpenCog_ALL/cogserver/build/tests/modules
"AgentModuleUTest" start time: Oct 06 20:53 CEST
Output:
----------------------------------------------------------
Running cxxtest tests (2 tests).Got 10 ticks
.OK!
<end of output>
Test time =   0.61 sec
----------------------------------------------------------
Test Passed.
"AgentModuleUTest" end time: Oct 06 20:53 CEST
"AgentModuleUTest" time elapsed: 00:00:00
----------------------------------------------------------

2/6 Testing: AgentUTest
2/6 Test: AgentUTest
Command: "/home/michele/OpenCog_ALL/cogserver/build/tests/modules/AgentUTest"
Directory: /home/michele/OpenCog_ALL/cogserver/build/tests/modules
"AgentUTest" start time: Oct 06 20:53 CEST
Output:
----------------------------------------------------------
Running cxxtest tests (2 tests)[2020-10-06 18:53:52:201] [INFO] Loading module "/home/michele/OpenCog_ALL/cogserver/build/opencog/cogserver/modules/agents/libagents.so"
[2020-10-06 18:53:52:201] [DEBUG] [SystemActivityTable] constructor
[2020-10-06 18:53:52:201] [DEBUG] [SystemActivityTable] init
[2020-10-06 18:53:52:201] [DEBUG] BEGIN TEST: Agent default parameters
[2020-10-06 18:53:52:201] [DEBUG] {"MODULES" => "agents/libagents.so", "MYAGENT_ENERGY" => "12345", "MYAGENT_ENTHUSIASM" => "1000", "MYAGENT_MOOD" => "happy", "MYAGENT_USE_BAYES" => "true"}

opencog::MyAgentWithDefaults {"MYAGENT_USE_BAYES" => "true", "MYAGENT_ENERGY" => "12345", "MYAGENT_ENTHUSIASM" => "1000", "MYAGENT_MOOD" => "happy"}
[2020-10-06 18:53:52:201] [DEBUG] [AgentRunner::simple] stopped all agents of type "opencog::MyAgentWithDefaults"
[2020-10-06 18:53:52:201] [DEBUG] END TEST: Agent default parameters
[2020-10-06 18:53:52:201] [DEBUG] [Scheduler] unregister agent "opencog::MyAgentWithDefaults"
[2020-10-06 18:53:52:201] [DEBUG] [AgentRunner::simple] stopped all agents of type "opencog::MyAgentWithDefaults"
.[2020-10-06 18:53:52:201] [INFO] Module "libagents.so" is already loaded.
[2020-10-06 18:53:52:201] [DEBUG] BEGIN TEST: Agent default and specified parameters
[2020-10-06 18:53:52:202] [INFO] Using config file found at: /home/michele/OpenCog_ALL/cogserver/build/tests/modules/./AgentUTest.config

[2020-10-06 18:53:52:202] [DEBUG] {"MYAGENT_MOOD" => "sad", "MYAGENT_USE_BAYES" => "false"}
[2020-10-06 18:53:52:202] [DEBUG] {"MYAGENT_ENERGY" => "12345", "MYAGENT_ENTHUSIASM" => "1000", "MYAGENT_MOOD" => "sad", "MYAGENT_USE_BAYES" => "false"}

opencog::MyAgentWithDefaults {"MYAGENT_USE_BAYES" => "false", "MYAGENT_ENERGY" => "12345", "MYAGENT_ENTHUSIASM" => "1000", "MYAGENT_MOOD" => "sad"}
[2020-10-06 18:53:52:202] [DEBUG] [AgentRunner::simple] stopped all agents of type "opencog::MyAgentWithDefaults"
[2020-10-06 18:53:52:202] [DEBUG] END TEST: Agent default and specified parameters
[2020-10-06 18:53:52:202] [DEBUG] [Scheduler] unregister agent "opencog::MyAgentWithDefaults"
[2020-10-06 18:53:52:202] [DEBUG] [AgentRunner::simple] stopped all agents of type "opencog::MyAgentWithDefaults"
.OK!
<end of output>
Test time =   0.01 sec
----------------------------------------------------------
Test Passed.
"AgentUTest" end time: Oct 06 20:53 CEST
"AgentUTest" time elapsed: 00:00:00
----------------------------------------------------------

3/6 Testing: PythonModuleUTest
3/6 Test: PythonModuleUTest
Command: "/home/michele/OpenCog_ALL/cogserver/build/tests/cython/PythonModuleUTest"
Directory: /home/michele/OpenCog_ALL/cogserver/build/tests/cython
"PythonModuleUTest" start time: Oct 06 20:53 CEST
Output:
----------------------------------------------------------
Running cxxtest tests (4 tests)[2020-10-06 18:53:52:209] [INFO] Loading module "/home/michele/OpenCog_ALL/cogserver/build/opencog/cogserver/modules/agents/libagents.so"
[2020-10-06 18:53:52:210] [DEBUG] [SystemActivityTable] constructor
[2020-10-06 18:53:52:210] [DEBUG] [SystemActivityTable] init
[2020-10-06 18:53:52:210] [INFO] Loading module "../../opencog/cogserver/modules/python/libPythonModule.so"
[2020-10-06 18:53:52:214] [INFO] Module "libagents.so" is already loaded.
[2020-10-06 18:53:52:214] [INFO] [PythonModule] Initialising Python CogServer module.
[2020-10-06 18:53:52:214] [INFO] [global_python_initialize] Start
[2020-10-06 18:53:52:230] [INFO] [global_python_initialize] Adding OpenCog sys.path directories
[2020-10-06 18:53:52:230] [DEBUG] Python 'sys.path' is:
[2020-10-06 18:53:52:230] [DEBUG]      0 > /home/michele/OpenCog_ALL/cogserver/build/opencog/cython
[2020-10-06 18:53:52:230] [DEBUG]      1 > /home/michele/OpenCog_ALL/cogserver/tests/cython/agents/
[2020-10-06 18:53:52:231] [DEBUG]      2 > /usr/local/lib/python3.6/dist-packages
[2020-10-06 18:53:52:231] [DEBUG]      3 > /home/michele/OpenCog_ALL/cogserver/build/opencog/cython
[2020-10-06 18:53:52:231] [DEBUG]      4 > /home/michele/OpenCog_ALL/cogserver/tests/cython/agents
[2020-10-06 18:53:52:231] [DEBUG]      5 > /usr/local/lib/python3.6/dist-packages
[2020-10-06 18:53:52:231] [DEBUG]      6 > /home/michele/OpenCog_ALL/cogserver/build/tests/cython/tests/cython/agents
[2020-10-06 18:53:52:231] [DEBUG]      7 > /home/michele/OpenCog_ALL/cogserver/build/tests/tests/cython/agents
[2020-10-06 18:53:52:231] [DEBUG]      8 > /home/michele/OpenCog_ALL/cogserver/build/tests/cython/agents
[2020-10-06 18:53:52:231] [DEBUG]      9 > /usr/lib/python36.zip
[2020-10-06 18:53:52:231] [DEBUG]     10 > /usr/lib/python3.6
[2020-10-06 18:53:52:231] [DEBUG]     11 > /usr/lib/python3.6/lib-dynload
[2020-10-06 18:53:52:231] [DEBUG]     12 > /usr/local/lib/python3.6/dist-packages/cxxtest-4.4-py3.6.egg
[2020-10-06 18:53:52:231] [DEBUG]     13 > /usr/lib/python3/dist-packages
[2020-10-06 18:53:52:233] [INFO] [global_python_initialize] Finish
[2020-10-06 18:53:52:245] [DEBUG] [loadpy Request] execute
[2020-10-06 18:53:52:246] [DEBUG] [Request] destructor
Got >>><<<
.[2020-10-06 18:53:52:246] [INFO] Module "libagents.so" is already loaded.
[2020-10-06 18:53:52:246] [INFO] Module "libPythonModule.so" is already loaded.
[2020-10-06 18:53:52:246] [DEBUG] [loadpy Request] execute
[2020-10-06 18:53:52:247] [DEBUG] [Request] destructor
[2020-10-06 18:53:52:247] [INFO] Creating python agent test_agent_w_run_exception.TestRunExceptionAgent
[2020-10-06 18:53:52:247] [ERROR] PyMindAgent triggered runtime exception.Traceback (most recent call last):
  File "agent_finder.pyx", line 121, in opencog.agent_finder.run_agent
  File "/home/michele/OpenCog_ALL/cogserver/tests/cython/agents/test_agent_w_run_exception.py", line 9, in run
    raise IndexError("This is a test exception")
IndexError: This is a test exception

	Stack Trace:
	2: basic_string.h:211	??()
	3: Logger.cc:593	  opencog::Logger::Error::operator()(char const*, ...)
	4: exceptions.cc:55	  opencog::StandardException::parse_error_message(char const*, __va_list_tag*, bool)
	5: exceptions.cc:82	  opencog::StandardException::parse_error_message(char const*, char const*, __va_list_tag*, bool)
	6: exceptions.cc:142	  opencog::RuntimeException::RuntimeException(char const*, char const*, ...)
	7: PyMindAgent.cc:69	  opencog::PyMindAgent::run()
	8: PythonModuleUTest.cxxtest:113	  PythonModuleUTest::testAgentWithRunException()
	9: RealDescriptions.cpp:125	  CxxTest::RealTestDescription::run()
	10: TestRunner.h:104	??()
	11: ErrorPrinter.h:46	??()
	12: libc-start.c:344	__libc_start_main()
	13: [0x1005a] ??() ??:0

.[2020-10-06 18:53:52:361] [INFO] Module "libagents.so" is already loaded.
[2020-10-06 18:53:52:361] [INFO] Module "libPythonModule.so" is already loaded.
[2020-10-06 18:53:52:361] [INFO] Module "libPythonModule.so" is already loaded.
[2020-10-06 18:53:52:361] [DEBUG] [loadpy Request] execute
[2020-10-06 18:53:52:362] [DEBUG] [Request] destructor
[2020-10-06 18:53:52:362] [INFO] Creating python agent preload_test.PreloadTestAgent
.[2020-10-06 18:53:52:362] [INFO] Module "libagents.so" is already loaded.
[2020-10-06 18:53:52:362] [INFO] Module "libPythonModule.so" is already loaded.
[2020-10-06 18:53:52:362] [DEBUG] [loadpy Request] execute
[2020-10-06 18:53:52:362] [DEBUG] [Request] destructor
[2020-10-06 18:53:52:362] [INFO] Creating python agent test_agent.TestAgent
.OK!
<end of output>
Test time =   0.16 sec
----------------------------------------------------------
Test Passed.
"PythonModuleUTest" end time: Oct 06 20:53 CEST
"PythonModuleUTest" time elapsed: 00:00:00
----------------------------------------------------------

4/6 Testing: PyEvalUTest
4/6 Test: PyEvalUTest
Command: "/home/michele/OpenCog_ALL/cogserver/build/tests/cython/PyEvalUTest"
Directory: /home/michele/OpenCog_ALL/cogserver/build/tests/cython
"PyEvalUTest" start time: Oct 06 20:53 CEST
Output:
----------------------------------------------------------
[2020-10-06 18:53:52:371] [INFO] Loading module "../../opencog/cogserver/shell/libpy-shell.so"
[2020-10-06 18:53:52:372] [INFO] [global_python_initialize] Start
[2020-10-06 18:53:52:387] [INFO] [global_python_initialize] Adding OpenCog sys.path directories
[2020-10-06 18:53:52:387] [DEBUG] Python 'sys.path' is:
[2020-10-06 18:53:52:387] [DEBUG]      0 > /home/michele/catkin_ws/devel/lib/python2.7/dist-packages
[2020-10-06 18:53:52:387] [DEBUG]      1 > /opt/ros/melodic/lib/python2.7/dist-packages
[2020-10-06 18:53:52:387] [DEBUG]      2 > /home/michele/catkin_ws/devel/lib/python2.7/dist-packages
[2020-10-06 18:53:52:387] [DEBUG]      3 > /opt/ros/melodic/lib/python2.7/dist-packages
[2020-10-06 18:53:52:387] [DEBUG]      4 > /usr/lib/python36.zip
[2020-10-06 18:53:52:387] [DEBUG]      5 > /usr/lib/python3.6
[2020-10-06 18:53:52:387] [DEBUG]      6 > /usr/lib/python3.6/lib-dynload
[2020-10-06 18:53:52:387] [DEBUG]      7 > /usr/local/lib/python3.6/dist-packages
[2020-10-06 18:53:52:387] [DEBUG]      8 > /usr/local/lib/python3.6/dist-packages/cxxtest-4.4-py3.6.egg
[2020-10-06 18:53:52:387] [DEBUG]      9 > /usr/lib/python3/dist-packages
[2020-10-06 18:53:52:389] [INFO] [global_python_initialize] Finish
[2020-10-06 18:53:52:389] [INFO] PythonEval::initialize_python_objects_and_imports Finished initialising python evaluator.
Running cxxtest tests (1 test)[2020-10-06 18:53:52:389] [DEBUG] [py-eval Request] execute
[2020-10-06 18:53:52:389] [DEBUG] [PythonEval] get line:
print('Hello') 

[2020-10-06 18:53:52:389] [DEBUG] [PythonEval] eval_expr length=15:
print('Hello')

[2020-10-06 18:53:52:389] [DEBUG] [PythonEval] eval_expr result length=4:
None
[2020-10-06 18:53:52:389] [DEBUG] [Request] destructor
.OK!
<end of output>
Test time =   0.03 sec
----------------------------------------------------------
Test Passed.
"PyEvalUTest" end time: Oct 06 20:53 CEST
"PyEvalUTest" time elapsed: 00:00:00
----------------------------------------------------------

5/6 Testing: CythonServer
5/6 Test: CythonServer
Command: "/usr/bin/nosetests3" "-vs" "/home/michele/OpenCog_ALL/cogserver/tests/cython/server/"
Directory: /home/michele/OpenCog_ALL/cogserver/build/tests/cython
"CythonServer" start time: Oct 06 20:53 CEST
Output:
----------------------------------------------------------
test_find_agents (test_agent_finder.HelperTest) ... ok

----------------------------------------------------------------------
Ran 1 test in 0.013s

OK
<end of output>
Test time =   0.18 sec
----------------------------------------------------------
Test Passed.
"CythonServer" end time: Oct 06 20:53 CEST
"CythonServer" time elapsed: 00:00:00
----------------------------------------------------------

6/6 Testing: ShellUTest
6/6 Test: ShellUTest
Command: "/home/michele/OpenCog_ALL/cogserver/build/tests/shell/ShellUTest"
Directory: /home/michele/OpenCog_ALL/cogserver/build/tests/shell
"ShellUTest" start time: Oct 06 20:53 CEST
Output:
----------------------------------------------------------
Running cxxtest tests (5 tests)[0;32mopencog[1;32m> [0mEntering scheme shell; use ^D or a single . on a line by itself to exit.
[0;34mguile[1;34m> [0m(ConceptNode "42")

[0;34mguile[1;34m> [0m
[0;34mguile[1;34m> [0m[0;32mopencog[1;32m> [0mEntering scheme shell; use ^D or a single . on a line by itself to exit.
[0;34mguile[1;34m> [0mExiting the shell
4
[0;34mguile[1;34m> [0m[0;32mopencog[1;32m> [0m[0;32mopencog[1;32m> [0mEntering scheme shell; use ^D or a single . on a line by itself to exit.
[0;34mguile[1;34m> [0m(ConceptNode "42")

[0;34mguile[1;34m> [0m
[0;34mguile[1;34m> [0m[0;32mopencog[1;32m> [0mEntering scheme shell; use ^D or a single . on a line by itself to exit.
[0;34mguile[1;34m> [0mExiting the shell
4
[0;34mguile[1;34m> [0m[0;32mopencog[1;32m> [0mListening on port 17333
.[0;32mopencog[1;32m> [0mEntering scheme shell; use ^D or a single . on a line by itself to exit.
[0;34mguile[1;34m> [0m[0;34mguile[1;34m> [0mBacktrace:
           8 (apply-smob/1 #<catch-closure 56023e4475c0>)
           7 (apply-smob/1 #<catch-closure 56023e44bf60>)
In ice-9/boot-9.scm:
   2312:4  6 (save-module-excursion #<procedure 56023e44abe0 at ice-â€¦>)
In ice-9/eval-string.scm:
     38:6  5 (read-and-eval #<input: string 56023e679ee0> #:lang _)
In unknown file:
           4 (sleep 41)
Exception thrown while printing backtrace:
In procedure cdr: Wrong type argument in position 1 (expecting pair): ()

ERROR: In procedure apply-smob/1:
In procedure SchemeEval::interrupt: User interrupt from keyboard
ABORT: user-interrupt
[0;32mopencog[1;32m> [0mEntering scheme shell; use ^D or a single . on a line by itself to exit.
[0;34mguile[1;34m> [0m[0;34mguile[1;34m> [0m[0;32mopencog[1;32m> [0mEntering scheme shell; use ^D or a single . on a line by itself to exit.
[0;34mguile[1;34m> [0m[0;34mguile[1;34m> [0mListening on port 17333
Elapsed: 0
First elapsed: 0
Second elapsed: 0
.Listening on port 17333
Received 224 bytes: [0;32mopencog[1;32m> [0mEntering scheme shell; use ^D or a single . on a line by itself to exit.
[0;34mguile[1;34m> [0m(ConceptNode "B")
(ConceptNode "C")
(ConceptNode "A")
(ConceptNode "42")

[0;34mguile[1;34m> [0m
.Listening on port 17333
.Listening on port 17333
.OK!
<end of output>
Test time = 178.61 sec
----------------------------------------------------------
Test Passed.
"ShellUTest" end time: Oct 06 20:56 CEST
"ShellUTest" time elapsed: 00:02:58
----------------------------------------------------------

End testing: Oct 06 20:56 CEST
